<?xml version="1.0" encoding="UTF-8"?>
<!-- Generated by org.testng.reporters.JUnitReportReporter -->
<testsuite skipped="0" hostname="MC0Y6RJC" name="com.demoTestNG.DemoTestNG" tests="2" failures="0" timestamp="30 Mar 2018 11:16:13 GMT" time="0.016" errors="0">
  <testcase name="a" time="0.000" classname="com.demoTestNG.DemoTestNG"/>
  <testcase name="demo" time="0.016" classname="com.demoTestNG.DemoTestNG"/>
</testsuite> <!-- com.demoTestNG.DemoTestNG -->
